2020-05-11 10:22:03.963 IST [13870] LOG:  database system was shut down at 2020-05-11 10:22:03 IST
2020-05-11 10:22:03.982 IST [13867] LOG:  database system is ready to accept connections
2020-05-11 10:22:11.433 IST [13888] LOG:  duration: 54.612 ms  statement: SELECT name FROM  (SELECT pg_catalog.lower(name) AS name FROM pg_catalog.pg_settings   UNION ALL SELECT 'session authorization'   UNION ALL SELECT 'all') ss  WHERE substring(name,1,6)='log_li'
	LIMIT 1000
2020-05-11 10:23:24.716 IST [13899] LOG:  duration: 116.912 ms  statement: SELECT c.oid,
	  n.nspname,
	  c.relname
	FROM pg_catalog.pg_class c
	     LEFT JOIN pg_catalog.pg_namespace n ON n.oid = c.relnamespace
	WHERE c.relname OPERATOR(pg_catalog.~) '^(pg_settings)$' COLLATE pg_catalog.default
	  AND pg_catalog.pg_table_is_visible(c.oid)
	ORDER BY 2, 3;
2020-05-11 10:23:24.758 IST [13899] LOG:  duration: 42.597 ms  statement: SELECT c.relchecks, c.relkind, c.relhasindex, c.relhasrules, c.relhastriggers, c.relrowsecurity, c.relforcerowsecurity, false AS relhasoids, c.relispartition, '', c.reltablespace, CASE WHEN c.reloftype = 0 THEN '' ELSE c.reloftype::pg_catalog.regtype::pg_catalog.text END, c.relpersistence, c.relreplident, am.amname
	FROM pg_catalog.pg_class c
	 LEFT JOIN pg_catalog.pg_class tc ON (c.reltoastrelid = tc.oid)
	LEFT JOIN pg_catalog.pg_am am ON (c.relam = am.oid)
	WHERE c.oid = '12166';
2020-05-11 10:23:24.840 IST [13899] LOG:  duration: 80.920 ms  statement: SELECT a.attname,
	  pg_catalog.format_type(a.atttypid, a.atttypmod),
	  (SELECT substring(pg_catalog.pg_get_expr(d.adbin, d.adrelid, true) for 128)
	   FROM pg_catalog.pg_attrdef d
	   WHERE d.adrelid = a.attrelid AND d.adnum = a.attnum AND a.atthasdef),
	  a.attnotnull,
	  (SELECT c.collname FROM pg_catalog.pg_collation c, pg_catalog.pg_type t
	   WHERE c.oid = a.attcollation AND t.oid = a.atttypid AND a.attcollation <> t.typcollation) AS attcollation,
	  a.attidentity,
	  a.attgenerated
	FROM pg_catalog.pg_attribute a
	WHERE a.attrelid = '12166' AND a.attnum > 0 AND NOT a.attisdropped
	ORDER BY a.attnum;
2020-05-11 10:24:30.489 IST [13931] LOG:  duration: 130.146 ms  statement: drop table if exists pgbench_accounts, pgbench_branches, pgbench_history, pgbench_tellers
2020-05-11 10:24:30.531 IST [13931] LOG:  duration: 41.535 ms  statement: create table pgbench_history(tid int,bid int,aid    int,delta int,mtime timestamp,filler char(22))
2020-05-11 10:24:31.731 IST [13931] LOG:  duration: 1178.177 ms  statement: copy pgbench_accounts from stdin
2020-05-11 10:24:31.796 IST [13931] LOG:  duration: 65.291 ms  statement: commit
2020-05-11 10:24:31.854 IST [13931] LOG:  duration: 56.611 ms  statement: vacuum analyze pgbench_branches
2020-05-11 10:24:32.122 IST [13931] LOG:  duration: 258.289 ms  statement: vacuum analyze pgbench_accounts
2020-05-11 10:24:32.167 IST [13931] LOG:  duration: 42.130 ms  statement: alter table pgbench_branches add primary key (bid)
2020-05-11 10:24:32.570 IST [13931] LOG:  duration: 389.452 ms  statement: alter table pgbench_accounts add primary key (aid)
